<?xml version="1.0" encoding="UTF-8"?>
<!-- Generated by org.testng.reporters.JUnitReportReporter -->
<testsuite hostname="DESKTOP-MCOATVM" failures="0" tests="4" name="com.runner.OpenMrsRunner" time="10.112" errors="0" timestamp="2024-09-21T00:25:36 IST" skipped="0">
  <testcase classname="com.runner.OpenMrsRunner" name="validLoginTest" time="5.708"/>
  <system-out/>
  <testcase classname="com.runner.OpenMrsRunner" name="NavigateBack" time="0.022"/>
  <system-out/>
  <testcase classname="com.runner.OpenMrsRunner" name="Generalactions" time="3.870"/>
  <system-out/>
  <testcase classname="com.runner.OpenMrsRunner" name="Registerpatient" time="0.512"/>
  <system-out/>
</testsuite> <!-- com.runner.OpenMrsRunner -->
