<?xml version="1.0" encoding="UTF-8"?>
<!-- Generated by org.testng.reporters.JUnitReportReporter -->
<testsuite hostname="DESKTOP-MCOATVM" failures="0" tests="3" name="TestNGPackage.DependsOnMenthods" time="0.108" errors="0" timestamp="2024-09-20T12:55:46 IST" skipped="0">
  <testcase classname="TestNGPackage.DependsOnMenthods" name="sampleThree" time="0.005"/>
  <system-out/>
  <testcase classname="TestNGPackage.DependsOnMenthods" name="sampleOne" time="0.100"/>
  <system-out/>
  <testcase classname="TestNGPackage.DependsOnMenthods" name="sampleTwo" time="0.003"/>
  <system-out/>
</testsuite> <!-- TestNGPackage.DependsOnMenthods -->
