<?xml version="1.0" encoding="UTF-8"?>
<!-- Generated by org.testng.reporters.JUnitReportReporter -->
<testsuite hostname="DESKTOP-MCOATVM" failures="0" tests="3" name="TestNGPackage.Priority" time="145.210" errors="0" timestamp="2024-09-17T12:24:22 IST" skipped="0">
  <testcase classname="TestNGPackage.Priority" name="Chrome" time="139.918"/>
  <system-out/>
  <testcase classname="TestNGPackage.Priority" name="edge" time="5.230"/>
  <system-out/>
  <testcase classname="TestNGPackage.Priority" name="firefox" time="0.062"/>
  <system-out/>
</testsuite> <!-- TestNGPackage.Priority -->
