<?xml version="1.0" encoding="UTF-8"?>
<!-- Generated by org.testng.reporters.JUnitReportReporter -->
<testsuite hostname="DESKTOP-MCOATVM" failures="0" tests="9" name="TestNGPackage.Grouping" time="0.136" errors="0" timestamp="2024-09-20T11:51:18 IST" skipped="0">
  <testcase classname="TestNGPackage.Grouping" name="watch" time="0.003"/>
  <system-out/>
  <testcase classname="TestNGPackage.Grouping" name="mobile" time="0.004"/>
  <system-out/>
  <testcase classname="TestNGPackage.Grouping" name="sambar" time="0.004"/>
  <system-out/>
  <testcase classname="TestNGPackage.Grouping" name="chicken65" time="0.003"/>
  <system-out/>
  <testcase classname="TestNGPackage.Grouping" name="fish" time="0.006"/>
  <system-out/>
  <testcase classname="TestNGPackage.Grouping" name="laptop" time="0.010"/>
  <system-out/>
  <testcase classname="TestNGPackage.Grouping" name="briyani" time="0.100"/>
  <system-out/>
  <testcase classname="TestNGPackage.Grouping" name="curd" time="0.004"/>
  <system-out/>
  <testcase classname="TestNGPackage.Grouping" name="idly" time="0.002"/>
  <system-out/>
</testsuite> <!-- TestNGPackage.Grouping -->
