<?xml version="1.0" encoding="UTF-8"?>
<!-- Generated by org.testng.reporters.JUnitReportReporter -->
<testsuite hostname="DESKTOP-MCOATVM" failures="0" tests="3" name="TestNGPackage.SimpleAnnotations" time="0.012" errors="0" timestamp="2024-09-16T22:14:19 IST" skipped="0">
  <testcase classname="TestNGPackage.SimpleAnnotations" name="LaptopBrand" time="0.006"/>
  <system-out/>
  <testcase classname="TestNGPackage.SimpleAnnotations" name="WatchBrand" time="0.003"/>
  <system-out/>
  <testcase classname="TestNGPackage.SimpleAnnotations" name="MobileBrand" time="0.003"/>
  <system-out/>
</testsuite> <!-- TestNGPackage.SimpleAnnotations -->
