<?xml version="1.0" encoding="UTF-8"?>
<!-- Generated by org.testng.reporters.JUnitReportReporter -->
<testsuite hostname="DESKTOP-MCOATVM" failures="0" tests="7" name="TestNGPackage.InvoCount" time="10.651" errors="0" timestamp="2024-09-17T12:25:23 IST" skipped="0">
  <testcase classname="TestNGPackage.InvoCount" name="firefox" time="0.033"/>
  <system-out/>
  <testcase classname="TestNGPackage.InvoCount" name="edge" time="5.437"/>
  <system-out/>
  <testcase classname="TestNGPackage.InvoCount" name="firefox" time="0.005"/>
  <system-out/>
  <testcase classname="TestNGPackage.InvoCount" name="firefox" time="0.012"/>
  <system-out/>
  <testcase classname="TestNGPackage.InvoCount" name="Chrome" time="5.140"/>
  <system-out/>
  <testcase classname="TestNGPackage.InvoCount" name="firefox" time="0.012"/>
  <system-out/>
  <testcase classname="TestNGPackage.InvoCount" name="firefox" time="0.012"/>
  <system-out/>
</testsuite> <!-- TestNGPackage.InvoCount -->
